<?xml version="1.0" encoding="UTF-8"?>
<testng-results ignored="0" total="2" passed="1" failed="1" skipped="0">
  <reporter-output>
  </reporter-output>
  <suite started-at="2022-08-23T13:42:19 IST" name="Default suite" finished-at="2022-08-23T13:42:46 IST" duration-ms="26754">
    <groups>
    </groups>
    <test started-at="2022-08-23T13:42:19 IST" name="Default test" finished-at="2022-08-23T13:42:46 IST" duration-ms="26754">
      <class name="test.LoginPageTest">
        <test-method is-config="true" signature="addreports()[pri:0, instance:test.LoginPageTest@515aebb0]" started-at="2022-08-23T13:42:19 IST" name="addreports" finished-at="2022-08-23T13:42:20 IST" duration-ms="778" status="PASS">
          <reporter-output>
          </reporter-output>
        </test-method> <!-- addreports -->
        <test-method is-config="true" signature="launchBrowser()[pri:0, instance:test.LoginPageTest@515aebb0]" started-at="2022-08-23T13:42:20 IST" name="launchBrowser" finished-at="2022-08-23T13:42:29 IST" duration-ms="9439" status="PASS">
          <reporter-output>
          </reporter-output>
        </test-method> <!-- launchBrowser -->
        <test-method signature="ValidateZerodhaForgotLink()[pri:0, instance:test.LoginPageTest@515aebb0]" started-at="2022-08-23T13:42:29 IST" name="ValidateZerodhaForgotLink" finished-at="2022-08-23T13:42:30 IST" duration-ms="837" status="PASS">
          <reporter-output>
          </reporter-output>
        </test-method> <!-- ValidateZerodhaForgotLink -->
        <test-method is-config="true" signature="postTest(org.testng.ITestResult)[pri:0, instance:test.LoginPageTest@515aebb0]" started-at="2022-08-23T13:42:30 IST" name="postTest" finished-at="2022-08-23T13:42:30 IST" duration-ms="19" status="PASS">
          <params>
            <param index="0">
              <value>
                <![CDATA[[TestResult name=ValidateZerodhaForgotLink status=SUCCESS method=LoginPageTest.ValidateZerodhaForgotLink()[pri:0, instance:test.LoginPageTest@515aebb0] output={null}]]]>
              </value>
            </param>
          </params>
          <reporter-output>
          </reporter-output>
        </test-method> <!-- postTest -->
        <test-method is-config="true" signature="launchBrowser()[pri:0, instance:test.LoginPageTest@515aebb0]" started-at="2022-08-23T13:42:30 IST" name="launchBrowser" finished-at="2022-08-23T13:42:38 IST" duration-ms="7519" status="PASS">
          <reporter-output>
          </reporter-output>
        </test-method> <!-- launchBrowser -->
        <test-method signature="ZerodhaLoginTest()[pri:0, instance:test.LoginPageTest@515aebb0]" started-at="2022-08-23T13:42:38 IST" name="ZerodhaLoginTest" finished-at="2022-08-23T13:42:41 IST" duration-ms="3697" status="FAIL">
          <exception class="java.lang.AssertionError">
            <message>
              <![CDATA[expected [true] but found [false]]]>
            </message>
            <full-stacktrace>
              <![CDATA[java.lang.AssertionError: expected [true] but found [false]
at org.testng.Assert.fail(Assert.java:99)
at org.testng.Assert.failNotEquals(Assert.java:1037)
at org.testng.Assert.assertTrue(Assert.java:45)
at org.testng.Assert.assertTrue(Assert.java:55)
at test.LoginPageTest.ZerodhaLoginTest(LoginPageTest.java:62)
at java.base/jdk.internal.reflect.DirectMethodHandleAccessor.invoke(DirectMethodHandleAccessor.java:104)
at java.base/java.lang.reflect.Method.invoke(Method.java:577)
at org.testng.internal.MethodInvocationHelper.invokeMethod(MethodInvocationHelper.java:133)
at org.testng.internal.TestInvoker.invokeMethod(TestInvoker.java:598)
at org.testng.internal.TestInvoker.invokeTestMethod(TestInvoker.java:173)
at org.testng.internal.MethodRunner.runInSequence(MethodRunner.java:46)
at org.testng.internal.TestInvoker$MethodInvocationAgent.invoke(TestInvoker.java:824)
at org.testng.internal.TestInvoker.invokeTestMethods(TestInvoker.java:146)
at org.testng.internal.TestMethodWorker.invokeTestMethods(TestMethodWorker.java:146)
at org.testng.internal.TestMethodWorker.run(TestMethodWorker.java:128)
at java.base/java.util.ArrayList.forEach(ArrayList.java:1511)
at org.testng.TestRunner.privateRun(TestRunner.java:794)
at org.testng.TestRunner.run(TestRunner.java:596)
at org.testng.SuiteRunner.runTest(SuiteRunner.java:377)
at org.testng.SuiteRunner.runSequentially(SuiteRunner.java:371)
at org.testng.SuiteRunner.privateRun(SuiteRunner.java:332)
at org.testng.SuiteRunner.run(SuiteRunner.java:276)
at org.testng.SuiteRunnerWorker.runSuite(SuiteRunnerWorker.java:53)
at org.testng.SuiteRunnerWorker.run(SuiteRunnerWorker.java:96)
at org.testng.TestNG.runSuitesSequentially(TestNG.java:1212)
at org.testng.TestNG.runSuitesLocally(TestNG.java:1134)
at org.testng.TestNG.runSuites(TestNG.java:1063)
at org.testng.TestNG.run(TestNG.java:1031)
at org.testng.remote.AbstractRemoteTestNG.run(AbstractRemoteTestNG.java:115)
at org.testng.remote.RemoteTestNG.initAndRun(RemoteTestNG.java:251)
at org.testng.remote.RemoteTestNG.main(RemoteTestNG.java:77)
]]>
            </full-stacktrace>
          </exception> <!-- java.lang.AssertionError -->
          <reporter-output>
          </reporter-output>
        </test-method> <!-- ZerodhaLoginTest -->
        <test-method is-config="true" signature="postTest(org.testng.ITestResult)[pri:0, instance:test.LoginPageTest@515aebb0]" started-at="2022-08-23T13:42:44 IST" name="postTest" finished-at="2022-08-23T13:42:44 IST" duration-ms="1" status="PASS">
          <params>
            <param index="0">
              <value>
                <![CDATA[[TestResult name=ZerodhaLoginTest status=FAILURE method=LoginPageTest.ZerodhaLoginTest()[pri:0, instance:test.LoginPageTest@515aebb0] output={null}]]]>
              </value>
            </param>
          </params>
          <reporter-output>
          </reporter-output>
        </test-method> <!-- postTest -->
        <test-method is-config="true" signature="flushReport()[pri:0, instance:test.LoginPageTest@515aebb0]" started-at="2022-08-23T13:42:44 IST" name="flushReport" finished-at="2022-08-23T13:42:46 IST" duration-ms="1587" status="PASS">
          <reporter-output>
          </reporter-output>
        </test-method> <!-- flushReport -->
      </class> <!-- test.LoginPageTest -->
    </test> <!-- Default test -->
  </suite> <!-- Default suite -->
</testng-results>
